[debug] [2019-08-12T07:40:36.621Z] ----------------------------------------------------------------------
[debug] [2019-08-12T07:40:36.623Z] Command:       /home/totoczko/.nvm/versions/node/v10.10.0/bin/node /home/totoczko/.nvm/versions/node/v10.10.0/bin/firebase deploy
[debug] [2019-08-12T07:40:36.623Z] CLI Version:   7.1.1
[debug] [2019-08-12T07:40:36.623Z] Platform:      linux
[debug] [2019-08-12T07:40:36.623Z] Node Version:  v10.10.0
[debug] [2019-08-12T07:40:36.632Z] Time:          Mon Aug 12 2019 09:40:36 GMT+0200 (GMT+02:00)
[debug] [2019-08-12T07:40:36.632Z] ----------------------------------------------------------------------
[debug] 
[debug] [2019-08-12T07:40:36.650Z] > command requires scopes: ["email","openid","https://www.googleapis.com/auth/cloudplatformprojects.readonly","https://www.googleapis.com/auth/firebase","https://www.googleapis.com/auth/cloud-platform"]
[debug] [2019-08-12T07:40:36.651Z] > authorizing via signed-in user
[debug] [2019-08-12T07:40:36.651Z] [iam] checking project awesome-places-247312 for permissions ["cloudfunctions.functions.create","cloudfunctions.functions.delete","cloudfunctions.functions.get","cloudfunctions.functions.list","cloudfunctions.functions.update","cloudfunctions.operations.get","firebase.projects.get"]
[debug] [2019-08-12T07:40:36.654Z] > refreshing access token with scopes: ["email","https://www.googleapis.com/auth/cloud-platform","https://www.googleapis.com/auth/cloudplatformprojects.readonly","https://www.googleapis.com/auth/firebase","openid"]
[debug] [2019-08-12T07:40:36.655Z] >>> HTTP REQUEST POST https://www.googleapis.com/oauth2/v3/token  
 <request body omitted>
[debug] [2019-08-12T07:40:36.850Z] <<< HTTP RESPONSE 200
[debug] [2019-08-12T07:40:36.930Z] >>> HTTP REQUEST POST https://cloudresourcemanager.googleapis.com/v1/projects/awesome-places-247312:testIamPermissions  

[debug] [2019-08-12T07:40:37.875Z] <<< HTTP RESPONSE 200
[info] 
[info] === Deploying to 'awesome-places-247312'...
[info] 
[info] i  deploying functions
[debug] [2019-08-12T07:40:41.452Z] > [functions] package.json contents: {
  "name": "functions",
  "description": "Cloud Functions for Firebase",
  "scripts": {
    "serve": "firebase serve --only functions",
    "shell": "firebase functions:shell",
    "start": "npm run shell",
    "deploy": "firebase deploy --only functions",
    "logs": "firebase functions:log"
  },
  "engines": {
    "node": "8"
  },
  "dependencies": {
    "@google-cloud/storage": "^1.7.0",
    "cors": "^2.8.5",
    "firebase-admin": "^8.0.0",
    "firebase-functions": "^3.1.0",
    "uuid-v4": "^0.1.0"
  },
  "devDependencies": {
    "firebase-functions-test": "^0.1.6"
  },
  "private": true
}
[info] i  functions: ensuring necessary APIs are enabled...
[debug] [2019-08-12T07:40:41.453Z] >>> HTTP REQUEST GET https://serviceusage.googleapis.com/v1/projects/awesome-places-247312/services/cloudfunctions.googleapis.com  
 
[debug] [2019-08-12T07:40:41.453Z] >>> HTTP REQUEST GET https://serviceusage.googleapis.com/v1/projects/awesome-places-247312/services/runtimeconfig.googleapis.com  
 
[debug] [2019-08-12T07:40:42.478Z] <<< HTTP RESPONSE 200
[debug] [2019-08-12T07:40:42.487Z] <<< HTTP RESPONSE 200
[info] ✔  functions: all necessary APIs are enabled
[debug] [2019-08-12T07:40:42.488Z] >>> HTTP REQUEST GET https://firebase.googleapis.com/v1beta1/projects/awesome-places-247312/adminSdkConfig  
 
[debug] [2019-08-12T07:40:42.827Z] <<< HTTP RESPONSE 200
[info] i  functions: preparing functions directory for uploading...
[debug] [2019-08-12T07:40:42.835Z] >>> HTTP REQUEST GET https://runtimeconfig.googleapis.com/v1beta1/projects/awesome-places-247312/configs  
 
[debug] [2019-08-12T07:40:43.901Z] <<< HTTP RESPONSE 200
[info] i  functions: packaged functions (34.92 KB) for uploading
[debug] [2019-08-12T07:40:45.480Z] >>> HTTP REQUEST POST https://cloudfunctions.googleapis.com/v1/projects/awesome-places-247312/locations/us-central1/functions:generateUploadUrl  
 
[debug] [2019-08-12T07:40:46.116Z] <<< HTTP RESPONSE 200
[debug] [2019-08-12T07:40:46.117Z] >>> HTTP REQUEST PUT https://storage.googleapis.com/gcf-upload-us-central1-764f3212-efb5-4b4a-9ca0-6b0544dc52d3/b20baa71-d7af-4919-8923-f386255d15ae.zip?GoogleAccessId=service-260901380042@gcf-admin-robot.iam.gserviceaccount.com&Expires=1565597446&Signature=JPV1zz8jHr7e9VvH0aDfP7guzNY2MS6aGjuL2s5VvWwed0PbGY4bg1BjVSR9s%2B1D7zh%2BMMj48gKW%2Fojw4DAyWpqruLXx7VgdnOXhxNaD4eqRTLVnDbM9wTDVCT5amPB2mfluXCEuuxDBQjFKh2LkiGK8SZfwUhDy21hbc3BjXafFbQ13nuWyLZhoPijJzdpU6HGS%2FNk2MnaCSftdcypjMAR%2F81aHFZYS%2BEWuAQdDHTjdjZ1F0pmrulWFrm8eY%2FlmWyKoGJQNt2H20rru%2FC05PCRFxVr7PtYH3REzSjuFtCnTJ5qWeoFIFCcfYdp%2BM78gBtcU6S7e35A4t%2FiiInkqiQ%3D%3D  
 <request body omitted>
[debug] [2019-08-12T07:40:46.425Z] <<< HTTP RESPONSE 200
[info] ✔  functions: functions folder uploaded successfully
[debug] [2019-08-12T07:40:46.433Z] >>> HTTP REQUEST GET https://cloudfunctions.googleapis.com/v1/projects/awesome-places-247312/locations/-/functions  
 
[debug] [2019-08-12T07:40:47.122Z] <<< HTTP RESPONSE 200
[info] i  functions: updating Node.js 8 function storeImage(us-central1)...
[debug] [2019-08-12T07:40:47.130Z] Trigger is:  {"httpsTrigger":{}}
[info] i  functions: updating Node.js 8 function deleteImage(us-central1)...
[debug] [2019-08-12T07:40:47.131Z] Trigger is:  {"eventTrigger":{"resource":"projects/_/instances/awesome-places-247312/refs/places/{placeId}","eventType":"providers/google.firebase.database/eventTypes/ref.delete","service":"firebaseio.com"}}
[info] i  functions: updating Node.js 8 function sendNotification(us-central1)...
[debug] [2019-08-12T07:40:47.132Z] Trigger is:  {"eventTrigger":{"resource":"projects/_/instances/awesome-places-247312/refs/places/{postUid}","eventType":"providers/google.firebase.database/eventTypes/ref.create","service":"firebaseio.com"}}
[debug] [2019-08-12T07:40:47.133Z] >>> HTTP REQUEST GET https://serviceusage.googleapis.com/v1/projects/awesome-places-247312/services/cloudscheduler.googleapis.com  
 
[debug] [2019-08-12T07:40:48.543Z] <<< HTTP RESPONSE 200
[debug] [2019-08-12T07:40:48.549Z] >>> HTTP REQUEST PATCH https://cloudfunctions.googleapis.com/v1/projects/awesome-places-247312/locations/us-central1/functions/storeImage {"updateMask":"sourceUploadUrl,name,labels,runtime,httpsTrigger"} 

[debug] [2019-08-12T07:40:48.550Z] >>> HTTP REQUEST PATCH https://cloudfunctions.googleapis.com/v1/projects/awesome-places-247312/locations/us-central1/functions/deleteImage {"updateMask":"sourceUploadUrl,name,labels,runtime,eventTrigger.resource,eventTrigger.eventType,eventTrigger.service"} 

[debug] [2019-08-12T07:40:48.552Z] >>> HTTP REQUEST PATCH https://cloudfunctions.googleapis.com/v1/projects/awesome-places-247312/locations/us-central1/functions/sendNotification {"updateMask":"sourceUploadUrl,name,labels,runtime,eventTrigger.resource,eventTrigger.eventType,eventTrigger.service"} 

[debug] [2019-08-12T07:40:49.110Z] <<< HTTP RESPONSE 200
[debug] [2019-08-12T07:40:49.142Z] <<< HTTP RESPONSE 200
[debug] [2019-08-12T07:40:49.238Z] <<< HTTP RESPONSE 200
[debug] [2019-08-12T07:40:49.242Z] >>> HTTP REQUEST GET https://cloudfunctions.googleapis.com/v1/projects/awesome-places-247312/locations/-/functions  
 
[debug] [2019-08-12T07:40:59.319Z] [functions] failed to list functions for awesome-places-247312
[debug] [2019-08-12T07:40:59.319Z] [functions] Server Error. getaddrinfo EAI_AGAIN cloudfunctions.googleapis.com cloudfunctions.googleapis.com:443
[debug] [2019-08-12T07:40:59.322Z] 
[error] 
[error] Error: An unexpected error has occurred.
